# JRE version: OpenJDK Runtime Environment (8.0_112-b224) (build 1.8.0_112-release-b736)
# Java VM: OpenJDK 64-Bit Server VM (25.112-b736 mixed mode linux-amd64 compressed oops)
Heap:
 PSYoungGen      total 492544K, used 106089K [0x00000000e0000000, 0x0000000100000000, 0x0000000100000000)
  eden space 460800K, 22% used [0x00000000e0000000,0x00000000e6379a48,0x00000000fc200000)
  from space 31744K, 13% used [0x00000000fc200000,0x00000000fc620a78,0x00000000fe100000)
  to   space 31744K, 0% used [0x00000000fe100000,0x00000000fe100000,0x0000000100000000)
 ParOldGen       total 123904K, used 59361K [0x00000000a0000000, 0x00000000a7900000, 0x00000000e0000000)
  object space 123904K, 47% used [0x00000000a0000000,0x00000000a39f8438,0x00000000a7900000)
 Metaspace       used 73146K, capacity 76288K, committed 76632K, reserved 1116160K
  class space    used 9319K, capacity 9986K, committed 10112K, reserved 1048576K
GC Heap History (10 events):
Event: 54.523 GC heap before
{Heap before GC invocations=10 (full 2):
 PSYoungGen      total 225792K, used 225775K [0x00000000e0000000, 0x00000000f7f00000, 0x0000000100000000)
  eden space 211456K, 100% used [0x00000000e0000000,0x00000000ece80000,0x00000000ece80000)
  from space 14336K, 99% used [0x00000000ece80000,0x00000000edc7beb8,0x00000000edc80000)
  to   space 18432K, 0% used [0x00000000f6d00000,0x00000000f6d00000,0x00000000f7f00000)
 ParOldGen       total 75776K, used 21118K [0x00000000a0000000, 0x00000000a4a00000, 0x00000000e0000000)
  object space 75776K, 27% used [0x00000000a0000000,0x00000000a149fa48,0x00000000a4a00000)
 Metaspace       used 56679K, capacity 58342K, committed 58584K, reserved 1099776K
  class space    used 7645K, capacity 8087K, committed 8192K, reserved 1048576K
Event: 54.888 GC heap after
Heap after GC invocations=10 (full 2):
 PSYoungGen      total 364032K, used 18431K [0x00000000e0000000, 0x00000000f8f00000, 0x0000000100000000)
  eden space 345600K, 0% used [0x00000000e0000000,0x00000000e0000000,0x00000000f5180000)
  from space 18432K, 99% used [0x00000000f6d00000,0x00000000f7effce0,0x00000000f7f00000)
  to   space 28160K, 0% used [0x00000000f5180000,0x00000000f5180000,0x00000000f6d00000)
 ParOldGen       total 75776K, used 36936K [0x00000000a0000000, 0x00000000a4a00000, 0x00000000e0000000)
  object space 75776K, 48% used [0x00000000a0000000,0x00000000a24120b0,0x00000000a4a00000)
 Metaspace       used 56679K, capacity 58342K, committed 58584K, reserved 1099776K
  class space    used 7645K, capacity 8087K, committed 8192K, reserved 1048576K
}
Event: 56.335 GC heap before
{Heap before GC invocations=11 (full 2):
 PSYoungGen      total 364032K, used 41900K [0x00000000e0000000, 0x00000000f8f00000, 0x0000000100000000)
  eden space 345600K, 6% used [0x00000000e0000000,0x00000000e16eb458,0x00000000f5180000)
  from space 18432K, 99% used [0x00000000f6d00000,0x00000000f7effce0,0x00000000f7f00000)
  to   space 28160K, 0% used [0x00000000f5180000,0x00000000f5180000,0x00000000f6d00000)
 ParOldGen       total 75776K, used 36936K [0x00000000a0000000, 0x00000000a4a00000, 0x00000000e0000000)
  object space 75776K, 48% used [0x00000000a0000000,0x00000000a24120b0,0x00000000a4a00000)
 Metaspace       used 57278K, capacity 58918K, committed 59028K, reserved 1099776K
  class space    used 7696K, capacity 8151K, committed 8192K, reserved 1048576K
Event: 56.529 GC heap after
Heap after GC invocations=11 (full 2):
 PSYoungGen      total 373760K, used 23336K [0x00000000e0000000, 0x0000000100000000, 0x0000000100000000)
  eden space 345600K, 0% used [0x00000000e0000000,0x00000000e0000000,0x00000000f5180000)
  from space 28160K, 82% used [0x00000000f5180000,0x00000000f684a0b8,0x00000000f6d00000)
  to   space 30720K, 0% used [0x00000000fe200000,0x00000000fe200000,0x0000000100000000)
 ParOldGen       total 75776K, used 36944K [0x00000000a0000000, 0x00000000a4a00000, 0x00000000e0000000)
  object space 75776K, 48% used [0x00000000a0000000,0x00000000a24140b0,0x00000000a4a00000)
 Metaspace       used 57278K, capacity 58918K, committed 59028K, reserved 1099776K
  class space    used 7696K, capacity 8151K, committed 8192K, reserved 1048576K
}
Event: 56.530 GC heap before
{Heap before GC invocations=12 (full 3):
 PSYoungGen      total 373760K, used 23336K [0x00000000e0000000, 0x0000000100000000, 0x0000000100000000)
  eden space 345600K, 0% used [0x00000000e0000000,0x00000000e0000000,0x00000000f5180000)
  from space 28160K, 82% used [0x00000000f5180000,0x00000000f684a0b8,0x00000000f6d00000)
  to   space 30720K, 0% used [0x00000000fe200000,0x00000000fe200000,0x0000000100000000)
 ParOldGen       total 75776K, used 36944K [0x00000000a0000000, 0x00000000a4a00000, 0x00000000e0000000)
  object space 75776K, 48% used [0x00000000a0000000,0x00000000a24140b0,0x00000000a4a00000)
 Metaspace       used 57278K, capacity 58918K, committed 59028K, reserved 1099776K
  class space    used 7696K, capacity 8151K, committed 8192K, reserved 1048576K
Event: 57.695 GC heap after
Heap after GC invocations=12 (full 3):
 PSYoungGen      total 373760K, used 0K [0x00000000e0000000, 0x0000000100000000, 0x0000000100000000)
  eden space 345600K, 0% used [0x00000000e0000000,0x00000000e0000000,0x00000000f5180000)
  from space 28160K, 0% used [0x00000000f5180000,0x00000000f5180000,0x00000000f6d00000)
  to   space 30720K, 0% used [0x00000000fe200000,0x00000000fe200000,0x0000000100000000)
 ParOldGen       total 123904K, used 51404K [0x00000000a0000000, 0x00000000a7900000, 0x00000000e0000000)
  object space 123904K, 41% used [0x00000000a0000000,0x00000000a3233270,0x00000000a7900000)
 Metaspace       used 57278K, capacity 58918K, committed 59028K, reserved 1099776K
  class space    used 7696K, capacity 8151K, committed 8192K, reserved 1048576K
}
Event: 356.951 GC heap before
{Heap before GC invocations=13 (full 3):
 PSYoungGen      total 373760K, used 345600K [0x00000000e0000000, 0x0000000100000000, 0x0000000100000000)
  eden space 345600K, 100% used [0x00000000e0000000,0x00000000f5180000,0x00000000f5180000)
  from space 28160K, 0% used [0x00000000f5180000,0x00000000f5180000,0x00000000f6d00000)
  to   space 30720K, 0% used [0x00000000fe200000,0x00000000fe200000,0x0000000100000000)
 ParOldGen       total 123904K, used 51404K [0x00000000a0000000, 0x00000000a7900000, 0x00000000e0000000)
  object space 123904K, 41% used [0x00000000a0000000,0x00000000a3233270,0x00000000a7900000)
 Metaspace       used 69379K, capacity 71810K, committed 72024K, reserved 1112064K
  class space    used 8961K, capacity 9507K, committed 9600K, reserved 1048576K
Event: 357.167 GC heap after
Heap after GC invocations=13 (full 3):
 PSYoungGen      total 491520K, used 20163K [0x00000000e0000000, 0x0000000100000000, 0x0000000100000000)
  eden space 460800K, 0% used [0x00000000e0000000,0x00000000e0000000,0x00000000fc200000)
  from space 30720K, 65% used [0x00000000fe200000,0x00000000ff5b0d30,0x0000000100000000)
  to   space 31744K, 0% used [0x00000000fc200000,0x00000000fc200000,0x00000000fe100000)
 ParOldGen       total 123904K, used 51412K [0x00000000a0000000, 0x00000000a7900000, 0x00000000e0000000)
  object space 123904K, 41% used [0x00000000a0000000,0x00000000a3235270,0x00000000a7900000)
 Metaspace       used 69379K, capacity 71810K, committed 72024K, reserved 1112064K
  class space    used 8961K, capacity 9507K, committed 9600K, reserved 1048576K
}
Event: 1137.059 GC heap before
{Heap before GC invocations=14 (full 3):
 PSYoungGen      total 491520K, used 480963K [0x00000000e0000000, 0x0000000100000000, 0x0000000100000000)
  eden space 460800K, 100% used [0x00000000e0000000,0x00000000fc200000,0x00000000fc200000)
  from space 30720K, 65% used [0x00000000fe200000,0x00000000ff5b0d30,0x0000000100000000)
  to   space 31744K, 0% used [0x00000000fc200000,0x00000000fc200000,0x00000000fe100000)
 ParOldGen       total 123904K, used 51412K [0x00000000a0000000, 0x00000000a7900000, 0x00000000e0000000)
  object space 123904K, 41% used [0x00000000a0000000,0x00000000a3235270,0x00000000a7900000)
 Metaspace       used 72735K, capacity 75684K, committed 75736K, reserved 1116160K
  class space    used 9294K, capacity 9940K, committed 9984K, reserved 1048576K
Event: 1137.199 GC heap after
Heap after GC invocations=14 (full 3):
 PSYoungGen      total 492544K, used 4226K [0x00000000e0000000, 0x0000000100000000, 0x0000000100000000)
  eden space 460800K, 0% used [0x00000000e0000000,0x00000000e0000000,0x00000000fc200000)
  from space 31744K, 13% used [0x00000000fc200000,0x00000000fc620a78,0x00000000fe100000)
  to   space 31744K, 0% used [0x00000000fe100000,0x00000000fe100000,0x0000000100000000)
 ParOldGen       total 123904K, used 59361K [0x00000000a0000000, 0x00000000a7900000, 0x00000000e0000000)
  object space 123904K, 47% used [0x00000000a0000000,0x00000000a39f8438,0x00000000a7900000)
 Metaspace       used 72735K, capacity 75684K, committed 75736K, reserved 1116160K
  class space    used 9294K, capacity 9940K, committed 9984K, reserved 1048576K
}

