# JRE version: OpenJDK Runtime Environment (8.0_112-b224) (build 1.8.0_112-release-b736)
# Java VM: OpenJDK 64-Bit Server VM (25.112-b736 mixed mode linux-amd64 compressed oops)
Heap:
 PSYoungGen      total 466944K, used 106170K [0x00000000e0000000, 0x0000000100000000, 0x0000000100000000)
  eden space 438272K, 22% used [0x00000000e0000000,0x00000000e60dc400,0x00000000fac00000)
  from space 28672K, 24% used [0x00000000fe400000,0x00000000fead2798,0x0000000100000000)
  to   space 43008K, 0% used [0x00000000fac00000,0x00000000fac00000,0x00000000fd600000)
 ParOldGen       total 214528K, used 92575K [0x00000000a0000000, 0x00000000ad180000, 0x00000000e0000000)
  object space 214528K, 43% used [0x00000000a0000000,0x00000000a5a67f18,0x00000000ad180000)
 Metaspace       used 75457K, capacity 78824K, committed 79064K, reserved 1118208K
  class space    used 9429K, capacity 10125K, committed 10240K, reserved 1048576K
GC Heap History (10 events):
Event: 3070.199 GC heap before
{Heap before GC invocations=35 (full 4):
 PSYoungGen      total 501760K, used 482418K [0x00000000e0000000, 0x0000000100000000, 0x0000000100000000)
  eden space 479232K, 100% used [0x00000000e0000000,0x00000000fd400000,0x00000000fd400000)
  from space 22528K, 14% used [0x00000000fea00000,0x00000000fed1c938,0x0000000100000000)
  to   space 22528K, 0% used [0x00000000fd400000,0x00000000fd400000,0x00000000fea00000)
 ParOldGen       total 187904K, used 155298K [0x00000000a0000000, 0x00000000ab780000, 0x00000000e0000000)
  object space 187904K, 82% used [0x00000000a0000000,0x00000000a97a8890,0x00000000ab780000)
 Metaspace       used 68974K, capacity 72192K, committed 72408K, reserved 1112064K
  class space    used 8719K, capacity 9416K, committed 9472K, reserved 1048576K
Event: 3070.262 GC heap after
Heap after GC invocations=35 (full 4):
 PSYoungGen      total 485888K, used 6525K [0x00000000e0000000, 0x00000000ffd00000, 0x0000000100000000)
  eden space 479232K, 0% used [0x00000000e0000000,0x00000000e0000000,0x00000000fd400000)
  from space 6656K, 98% used [0x00000000fd400000,0x00000000fda5f498,0x00000000fda80000)
  to   space 20992K, 0% used [0x00000000fe880000,0x00000000fe880000,0x00000000ffd00000)
 ParOldGen       total 187904K, used 156450K [0x00000000a0000000, 0x00000000ab780000, 0x00000000e0000000)
  object space 187904K, 83% used [0x00000000a0000000,0x00000000a98c8930,0x00000000ab780000)
 Metaspace       used 68974K, capacity 72192K, committed 72408K, reserved 1112064K
  class space    used 8719K, capacity 9416K, committed 9472K, reserved 1048576K
}
Event: 3084.935 GC heap before
{Heap before GC invocations=36 (full 4):
 PSYoungGen      total 485888K, used 485757K [0x00000000e0000000, 0x00000000ffd00000, 0x0000000100000000)
  eden space 479232K, 100% used [0x00000000e0000000,0x00000000fd400000,0x00000000fd400000)
  from space 6656K, 98% used [0x00000000fd400000,0x00000000fda5f498,0x00000000fda80000)
  to   space 20992K, 0% used [0x00000000fe880000,0x00000000fe880000,0x00000000ffd00000)
 ParOldGen       total 187904K, used 156450K [0x00000000a0000000, 0x00000000ab780000, 0x00000000e0000000)
  object space 187904K, 83% used [0x00000000a0000000,0x00000000a98c8930,0x00000000ab780000)
 Metaspace       used 75362K, capacity 78814K, committed 79064K, reserved 1118208K
  class space    used 9438K, capacity 10125K, committed 10240K, reserved 1048576K
Event: 3085.106 GC heap after
Heap after GC invocations=36 (full 4):
 PSYoungGen      total 487936K, used 20974K [0x00000000e0000000, 0x0000000100000000, 0x0000000100000000)
  eden space 466944K, 0% used [0x00000000e0000000,0x00000000e0000000,0x00000000fc800000)
  from space 20992K, 99% used [0x00000000fe880000,0x00000000ffcfb850,0x00000000ffd00000)
  to   space 28672K, 0% used [0x00000000fc800000,0x00000000fc800000,0x00000000fe400000)
 ParOldGen       total 187904K, used 167210K [0x00000000a0000000, 0x00000000ab780000, 0x00000000e0000000)
  object space 187904K, 88% used [0x00000000a0000000,0x00000000aa34ab10,0x00000000ab780000)
 Metaspace       used 75362K, capacity 78814K, committed 79064K, reserved 1118208K
  class space    used 9438K, capacity 10125K, committed 10240K, reserved 1048576K
}
Event: 3089.695 GC heap before
{Heap before GC invocations=37 (full 4):
 PSYoungGen      total 487936K, used 485930K [0x00000000e0000000, 0x0000000100000000, 0x0000000100000000)
  eden space 466944K, 99% used [0x00000000e0000000,0x00000000fc60f138,0x00000000fc800000)
  from space 20992K, 99% used [0x00000000fe880000,0x00000000ffcfb850,0x00000000ffd00000)
  to   space 28672K, 0% used [0x00000000fc800000,0x00000000fc800000,0x00000000fe400000)
 ParOldGen       total 187904K, used 167210K [0x00000000a0000000, 0x00000000ab780000, 0x00000000e0000000)
  object space 187904K, 88% used [0x00000000a0000000,0x00000000aa34ab10,0x00000000ab780000)
 Metaspace       used 75366K, capacity 78814K, committed 79064K, reserved 1118208K
  class space    used 9438K, capacity 10125K, committed 10240K, reserved 1048576K
Event: 3089.976 GC heap after
Heap after GC invocations=37 (full 4):
 PSYoungGen      total 495616K, used 28659K [0x00000000e0000000, 0x0000000100000000, 0x0000000100000000)
  eden space 466944K, 0% used [0x00000000e0000000,0x00000000e0000000,0x00000000fc800000)
  from space 28672K, 99% used [0x00000000fc800000,0x00000000fe3fce88,0x00000000fe400000)
  to   space 28672K, 0% used [0x00000000fe400000,0x00000000fe400000,0x0000000100000000)
 ParOldGen       total 197120K, used 197038K [0x00000000a0000000, 0x00000000ac080000, 0x00000000e0000000)
  object space 197120K, 99% used [0x00000000a0000000,0x00000000ac06bbb0,0x00000000ac080000)
 Metaspace       used 75366K, capacity 78814K, committed 79064K, reserved 1118208K
  class space    used 9438K, capacity 10125K, committed 10240K, reserved 1048576K
}
Event: 3089.976 GC heap before
{Heap before GC invocations=38 (full 5):
 PSYoungGen      total 495616K, used 28659K [0x00000000e0000000, 0x0000000100000000, 0x0000000100000000)
  eden space 466944K, 0% used [0x00000000e0000000,0x00000000e0000000,0x00000000fc800000)
  from space 28672K, 99% used [0x00000000fc800000,0x00000000fe3fce88,0x00000000fe400000)
  to   space 28672K, 0% used [0x00000000fe400000,0x00000000fe400000,0x0000000100000000)
 ParOldGen       total 197120K, used 197038K [0x00000000a0000000, 0x00000000ac080000, 0x00000000e0000000)
  object space 197120K, 99% used [0x00000000a0000000,0x00000000ac06bbb0,0x00000000ac080000)
 Metaspace       used 75366K, capacity 78814K, committed 79064K, reserved 1118208K
  class space    used 9438K, capacity 10125K, committed 10240K, reserved 1048576K
Event: 3091.185 GC heap after
Heap after GC invocations=38 (full 5):
 PSYoungGen      total 495616K, used 0K [0x00000000e0000000, 0x0000000100000000, 0x0000000100000000)
  eden space 466944K, 0% used [0x00000000e0000000,0x00000000e0000000,0x00000000fc800000)
  from space 28672K, 0% used [0x00000000fc800000,0x00000000fc800000,0x00000000fe400000)
  to   space 28672K, 0% used [0x00000000fe400000,0x00000000fe400000,0x0000000100000000)
 ParOldGen       total 214528K, used 92575K [0x00000000a0000000, 0x00000000ad180000, 0x00000000e0000000)
  object space 214528K, 43% used [0x00000000a0000000,0x00000000a5a67f18,0x00000000ad180000)
 Metaspace       used 74719K, capacity 77774K, committed 79064K, reserved 1118208K
  class space    used 9319K, capacity 9916K, committed 10240K, reserved 1048576K
}
Event: 3185.499 GC heap before
{Heap before GC invocations=39 (full 5):
 PSYoungGen      total 495616K, used 466944K [0x00000000e0000000, 0x0000000100000000, 0x0000000100000000)
  eden space 466944K, 100% used [0x00000000e0000000,0x00000000fc800000,0x00000000fc800000)
  from space 28672K, 0% used [0x00000000fc800000,0x00000000fc800000,0x00000000fe400000)
  to   space 28672K, 0% used [0x00000000fe400000,0x00000000fe400000,0x0000000100000000)
 ParOldGen       total 214528K, used 92575K [0x00000000a0000000, 0x00000000ad180000, 0x00000000e0000000)
  object space 214528K, 43% used [0x00000000a0000000,0x00000000a5a67f18,0x00000000ad180000)
 Metaspace       used 75107K, capacity 78280K, committed 79064K, reserved 1118208K
  class space    used 9365K, capacity 10001K, committed 10240K, reserved 1048576K
Event: 3185.544 GC heap after
Heap after GC invocations=39 (full 5):
 PSYoungGen      total 466944K, used 6985K [0x00000000e0000000, 0x0000000100000000, 0x0000000100000000)
  eden space 438272K, 0% used [0x00000000e0000000,0x00000000e0000000,0x00000000fac00000)
  from space 28672K, 24% used [0x00000000fe400000,0x00000000fead2798,0x0000000100000000)
  to   space 43008K, 0% used [0x00000000fac00000,0x00000000fac00000,0x00000000fd600000)
 ParOldGen       total 214528K, used 92575K [0x00000000a0000000, 0x00000000ad180000, 0x00000000e0000000)
  object space 214528K, 43% used [0x00000000a0000000,0x00000000a5a67f18,0x00000000ad180000)
 Metaspace       used 75107K, capacity 78280K, committed 79064K, reserved 1118208K
  class space    used 9365K, capacity 10001K, committed 10240K, reserved 1048576K
}

